Analysis & Synthesis report for cpu
Mon May 23 21:01:46 2016
Quartus II 64-Bit Version 13.0.0 Build 156 04/24/2013 SJ Web Edition


---------------------
; Table of Contents ;
---------------------
  1. Legal Notice
  2. Analysis & Synthesis Summary
  3. Analysis & Synthesis Settings
  4. Parallel Compilation
  5. Analysis & Synthesis Source Files Read
  6. Analysis & Synthesis Resource Usage Summary
  7. Analysis & Synthesis Resource Utilization by Entity
  8. Analysis & Synthesis RAM Summary
  9. Analysis & Synthesis IP Cores Summary
 10. Registers Removed During Synthesis
 11. General Register Statistics
 12. Multiplexer Restructuring Statistics (Restructuring Performed)
 13. Source assignments for pipeif:if_stage|pipeimem:inst_mem|lpm_rom_irom:irom|altsyncram:altsyncram_component|altsyncram_qib1:auto_generated
 14. Source assignments for pipemem:mem_stage|lpm_ram_dq_dram:dram|altsyncram:altsyncram_component|altsyncram_62f1:auto_generated
 15. Parameter Settings for User Entity Instance: pipeif:if_stage|pipeimem:inst_mem|lpm_rom_irom:irom|altsyncram:altsyncram_component
 16. Parameter Settings for User Entity Instance: pipemem:mem_stage|lpm_ram_dq_dram:dram|altsyncram:altsyncram_component
 17. altsyncram Parameter Settings by Entity Instance
 18. Port Connectivity Checks: "pipemem:mem_stage|lpm_ram_dq_dram:dram"
 19. Port Connectivity Checks: "pipeexe:exe_stage|alu:al_unit"
 20. Port Connectivity Checks: "pipeexe:exe_stage"
 21. Elapsed Time Per Partition
 22. Analysis & Synthesis Messages
 23. Analysis & Synthesis Suppressed Messages



----------------
; Legal Notice ;
----------------
Copyright (C) 1991-2013 Altera Corporation
Your use of Altera Corporation's design tools, logic functions 
and other software and tools, and its AMPP partner logic 
functions, and any output files from any of the foregoing 
(including device programming or simulation files), and any 
associated documentation or information are expressly subject 
to the terms and conditions of the Altera Program License 
Subscription Agreement, Altera MegaCore Function License 
Agreement, or other applicable license agreement, including, 
without limitation, that your use is for the sole purpose of 
programming logic devices manufactured by Altera and sold by 
Altera or its authorized distributors.  Please refer to the 
applicable agreement for further details.



+---------------------------------------------------------------------------------+
; Analysis & Synthesis Summary                                                    ;
+------------------------------------+--------------------------------------------+
; Analysis & Synthesis Status        ; Successful - Mon May 23 21:01:46 2016      ;
; Quartus II 64-Bit Version          ; 13.0.0 Build 156 04/24/2013 SJ Web Edition ;
; Revision Name                      ; cpu                                        ;
; Top-level Entity Name              ; piplelinedcpu                              ;
; Family                             ; Cyclone II                                 ;
; Total logic elements               ; 4,002                                      ;
;     Total combinational functions  ; 2,886                                      ;
;     Dedicated logic registers      ; 1,338                                      ;
; Total registers                    ; 1338                                       ;
; Total pins                         ; 224                                        ;
; Total virtual pins                 ; 0                                          ;
; Total memory bits                  ; 2,304                                      ;
; Embedded Multiplier 9-bit elements ; 0                                          ;
; Total PLLs                         ; 0                                          ;
+------------------------------------+--------------------------------------------+


+----------------------------------------------------------------------------------------------------------------------+
; Analysis & Synthesis Settings                                                                                        ;
+----------------------------------------------------------------------------+--------------------+--------------------+
; Option                                                                     ; Setting            ; Default Value      ;
+----------------------------------------------------------------------------+--------------------+--------------------+
; Device                                                                     ; EP2C35F672C6       ;                    ;
; Top-level entity name                                                      ; piplelinedcpu      ; cpu                ;
; Family name                                                                ; Cyclone II         ; Cyclone IV GX      ;
; Use smart compilation                                                      ; Off                ; Off                ;
; Enable parallel Assembler and TimeQuest Timing Analyzer during compilation ; On                 ; On                 ;
; Enable compact report table                                                ; Off                ; Off                ;
; Restructure Multiplexers                                                   ; Auto               ; Auto               ;
; Create Debugging Nodes for IP Cores                                        ; Off                ; Off                ;
; Preserve fewer node names                                                  ; On                 ; On                 ;
; Disable OpenCore Plus hardware evaluation                                  ; Off                ; Off                ;
; Verilog Version                                                            ; Verilog_2001       ; Verilog_2001       ;
; VHDL Version                                                               ; VHDL_1993          ; VHDL_1993          ;
; State Machine Processing                                                   ; Auto               ; Auto               ;
; Safe State Machine                                                         ; Off                ; Off                ;
; Extract Verilog State Machines                                             ; On                 ; On                 ;
; Extract VHDL State Machines                                                ; On                 ; On                 ;
; Ignore Verilog initial constructs                                          ; Off                ; Off                ;
; Iteration limit for constant Verilog loops                                 ; 5000               ; 5000               ;
; Iteration limit for non-constant Verilog loops                             ; 250                ; 250                ;
; Add Pass-Through Logic to Inferred RAMs                                    ; On                 ; On                 ;
; Infer RAMs from Raw Logic                                                  ; On                 ; On                 ;
; Parallel Synthesis                                                         ; On                 ; On                 ;
; DSP Block Balancing                                                        ; Auto               ; Auto               ;
; NOT Gate Push-Back                                                         ; On                 ; On                 ;
; Power-Up Don't Care                                                        ; On                 ; On                 ;
; Remove Redundant Logic Cells                                               ; Off                ; Off                ;
; Remove Duplicate Registers                                                 ; On                 ; On                 ;
; Ignore CARRY Buffers                                                       ; Off                ; Off                ;
; Ignore CASCADE Buffers                                                     ; Off                ; Off                ;
; Ignore GLOBAL Buffers                                                      ; Off                ; Off                ;
; Ignore ROW GLOBAL Buffers                                                  ; Off                ; Off                ;
; Ignore LCELL Buffers                                                       ; Off                ; Off                ;
; Ignore SOFT Buffers                                                        ; On                 ; On                 ;
; Limit AHDL Integers to 32 Bits                                             ; Off                ; Off                ;
; Optimization Technique                                                     ; Balanced           ; Balanced           ;
; Carry Chain Length                                                         ; 70                 ; 70                 ;
; Auto Carry Chains                                                          ; On                 ; On                 ;
; Auto Open-Drain Pins                                                       ; On                 ; On                 ;
; Perform WYSIWYG Primitive Resynthesis                                      ; Off                ; Off                ;
; Auto ROM Replacement                                                       ; On                 ; On                 ;
; Auto RAM Replacement                                                       ; On                 ; On                 ;
; Auto Shift Register Replacement                                            ; Auto               ; Auto               ;
; Allow Shift Register Merging across Hierarchies                            ; Auto               ; Auto               ;
; Auto Clock Enable Replacement                                              ; On                 ; On                 ;
; Strict RAM Replacement                                                     ; Off                ; Off                ;
; Allow Synchronous Control Signals                                          ; On                 ; On                 ;
; Force Use of Synchronous Clear Signals                                     ; Off                ; Off                ;
; Auto RAM to Logic Cell Conversion                                          ; Off                ; Off                ;
; Auto Resource Sharing                                                      ; Off                ; Off                ;
; Allow Any RAM Size For Recognition                                         ; Off                ; Off                ;
; Allow Any ROM Size For Recognition                                         ; Off                ; Off                ;
; Allow Any Shift Register Size For Recognition                              ; Off                ; Off                ;
; Use LogicLock Constraints during Resource Balancing                        ; On                 ; On                 ;
; Ignore translate_off and synthesis_off directives                          ; Off                ; Off                ;
; Timing-Driven Synthesis                                                    ; Off                ; Off                ;
; Report Parameter Settings                                                  ; On                 ; On                 ;
; Report Source Assignments                                                  ; On                 ; On                 ;
; Report Connectivity Checks                                                 ; On                 ; On                 ;
; Ignore Maximum Fan-Out Assignments                                         ; Off                ; Off                ;
; Synchronization Register Chain Length                                      ; 2                  ; 2                  ;
; PowerPlay Power Optimization                                               ; Normal compilation ; Normal compilation ;
; HDL message level                                                          ; Level2             ; Level2             ;
; Suppress Register Optimization Related Messages                            ; Off                ; Off                ;
; Number of Removed Registers Reported in Synthesis Report                   ; 5000               ; 5000               ;
; Number of Swept Nodes Reported in Synthesis Report                         ; 5000               ; 5000               ;
; Number of Inverted Registers Reported in Synthesis Report                  ; 100                ; 100                ;
; Clock MUX Protection                                                       ; On                 ; On                 ;
; Auto Gated Clock Conversion                                                ; Off                ; Off                ;
; Block Design Naming                                                        ; Auto               ; Auto               ;
; SDC constraint protection                                                  ; Off                ; Off                ;
; Synthesis Effort                                                           ; Auto               ; Auto               ;
; Shift Register Replacement - Allow Asynchronous Clear Signal               ; On                 ; On                 ;
; Pre-Mapping Resynthesis Optimization                                       ; Off                ; Off                ;
; Analysis & Synthesis Message Level                                         ; Medium             ; Medium             ;
; Disable Register Merging Across Hierarchies                                ; Auto               ; Auto               ;
; Resource Aware Inference For Block RAM                                     ; On                 ; On                 ;
; Synthesis Seed                                                             ; 1                  ; 1                  ;
+----------------------------------------------------------------------------+--------------------+--------------------+


Parallel compilation was disabled, but you have multiple processors available. Enable parallel compilation to reduce compilation time.
+-------------------------------------+
; Parallel Compilation                ;
+----------------------------+--------+
; Processors                 ; Number ;
+----------------------------+--------+
; Number detected on machine ; 4      ;
; Maximum allowed            ; 1      ;
+----------------------------+--------+


+------------------------------------------------------------------------------------------------------------------------------------------------------------------------+
; Analysis & Synthesis Source Files Read                                                                                                                                 ;
+----------------------------------+-----------------+----------------------------------+----------------------------------------------------------------------+---------+
; File Name with User-Entered Path ; Used in Netlist ; File Type                        ; File Name with Absolute Path                                         ; Library ;
+----------------------------------+-----------------+----------------------------------+----------------------------------------------------------------------+---------+
; mux4x32.v                        ; yes             ; User Verilog HDL File            ; C:/altera/13.0/npunchcpu/mux4x32.v                                   ;         ;
; mux2x5.v                         ; yes             ; User Verilog HDL File            ; C:/altera/13.0/npunchcpu/mux2x5.v                                    ;         ;
; regfile.v                        ; yes             ; User Verilog HDL File            ; C:/altera/13.0/npunchcpu/regfile.v                                   ;         ;
; piplelinedcpu.v                  ; yes             ; User Verilog HDL File            ; C:/altera/13.0/npunchcpu/piplelinedcpu.v                             ;         ;
; pipepc.v                         ; yes             ; User Verilog HDL File            ; C:/altera/13.0/npunchcpu/pipepc.v                                    ;         ;
; pipeif.v                         ; yes             ; User Verilog HDL File            ; C:/altera/13.0/npunchcpu/pipeif.v                                    ;         ;
; piplemem.v                       ; yes             ; User Verilog HDL File            ; C:/altera/13.0/npunchcpu/piplemem.v                                  ;         ;
; pipeir.v                         ; yes             ; User Verilog HDL File            ; C:/altera/13.0/npunchcpu/pipeir.v                                    ;         ;
; pipeid.v                         ; yes             ; User Verilog HDL File            ; C:/altera/13.0/npunchcpu/pipeid.v                                    ;         ;
; pipeidcu.v                       ; yes             ; User Verilog HDL File            ; C:/altera/13.0/npunchcpu/pipeidcu.v                                  ;         ;
; pipedereg.v                      ; yes             ; User Verilog HDL File            ; C:/altera/13.0/npunchcpu/pipedereg.v                                 ;         ;
; pipeexe.v                        ; yes             ; User Verilog HDL File            ; C:/altera/13.0/npunchcpu/pipeexe.v                                   ;         ;
; pipeemreg.v                      ; yes             ; User Verilog HDL File            ; C:/altera/13.0/npunchcpu/pipeemreg.v                                 ;         ;
; pipemem.v                        ; yes             ; User Verilog HDL File            ; C:/altera/13.0/npunchcpu/pipemem.v                                   ;         ;
; pipemwreg.v                      ; yes             ; User Verilog HDL File            ; C:/altera/13.0/npunchcpu/pipemwreg.v                                 ;         ;
; mux2x32.v                        ; yes             ; User Verilog HDL File            ; C:/altera/13.0/npunchcpu/mux2x32.v                                   ;         ;
; dffe32.v                         ; yes             ; User Verilog HDL File            ; C:/altera/13.0/npunchcpu/dffe32.v                                    ;         ;
; alu.v                            ; yes             ; User Verilog HDL File            ; C:/altera/13.0/npunchcpu/alu.v                                       ;         ;
; pipedmem.mif                     ; yes             ; User Memory Initialization File  ; C:/altera/13.0/npunchcpu/pipedmem.mif                                ;         ;
; lpm_ram_dq_dram.v                ; yes             ; User Wizard-Generated File       ; C:/altera/13.0/npunchcpu/lpm_ram_dq_dram.v                           ;         ;
; lpm_rom_irom.v                   ; yes             ; User Wizard-Generated File       ; C:/altera/13.0/npunchcpu/lpm_rom_irom.v                              ;         ;
; get_switch.v                     ; yes             ; User Verilog HDL File            ; C:/altera/13.0/npunchcpu/get_switch.v                                ;         ;
; transform.v                      ; yes             ; User Verilog HDL File            ; C:/altera/13.0/npunchcpu/transform.v                                 ;         ;
; led.v                            ; yes             ; User Verilog HDL File            ; C:/altera/13.0/npunchcpu/led.v                                       ;         ;
; pipeimem.mif                     ; yes             ; User Memory Initialization File  ; C:/altera/13.0/npunchcpu/pipeimem.mif                                ;         ;
; altsyncram.tdf                   ; yes             ; Megafunction                     ; c:/altera/13.0/quartus/libraries/megafunctions/altsyncram.tdf        ;         ;
; stratix_ram_block.inc            ; yes             ; Megafunction                     ; c:/altera/13.0/quartus/libraries/megafunctions/stratix_ram_block.inc ;         ;
; lpm_mux.inc                      ; yes             ; Megafunction                     ; c:/altera/13.0/quartus/libraries/megafunctions/lpm_mux.inc           ;         ;
; lpm_decode.inc                   ; yes             ; Megafunction                     ; c:/altera/13.0/quartus/libraries/megafunctions/lpm_decode.inc        ;         ;
; aglobal130.inc                   ; yes             ; Megafunction                     ; c:/altera/13.0/quartus/libraries/megafunctions/aglobal130.inc        ;         ;
; a_rdenreg.inc                    ; yes             ; Megafunction                     ; c:/altera/13.0/quartus/libraries/megafunctions/a_rdenreg.inc         ;         ;
; altrom.inc                       ; yes             ; Megafunction                     ; c:/altera/13.0/quartus/libraries/megafunctions/altrom.inc            ;         ;
; altram.inc                       ; yes             ; Megafunction                     ; c:/altera/13.0/quartus/libraries/megafunctions/altram.inc            ;         ;
; altdpram.inc                     ; yes             ; Megafunction                     ; c:/altera/13.0/quartus/libraries/megafunctions/altdpram.inc          ;         ;
; db/altsyncram_qib1.tdf           ; yes             ; Auto-Generated Megafunction      ; C:/altera/13.0/npunchcpu/db/altsyncram_qib1.tdf                      ;         ;
; db/altsyncram_62f1.tdf           ; yes             ; Auto-Generated Megafunction      ; C:/altera/13.0/npunchcpu/db/altsyncram_62f1.tdf                      ;         ;
+----------------------------------+-----------------+----------------------------------+----------------------------------------------------------------------+---------+


+-----------------------------------------------------+
; Analysis & Synthesis Resource Usage Summary         ;
+---------------------------------------------+-------+
; Resource                                    ; Usage ;
+---------------------------------------------+-------+
; Estimated Total logic elements              ; 4,002 ;
;                                             ;       ;
; Total combinational functions               ; 2886  ;
; Logic element usage by number of LUT inputs ;       ;
;     -- 4 input functions                    ; 2136  ;
;     -- 3 input functions                    ; 544   ;
;     -- <=2 input functions                  ; 206   ;
;                                             ;       ;
; Logic elements by mode                      ;       ;
;     -- normal mode                          ; 2647  ;
;     -- arithmetic mode                      ; 239   ;
;                                             ;       ;
; Total registers                             ; 1338  ;
;     -- Dedicated logic registers            ; 1338  ;
;     -- I/O registers                        ; 0     ;
;                                             ;       ;
; I/O pins                                    ; 224   ;
; Total memory bits                           ; 2304  ;
; Embedded Multiplier 9-bit elements          ; 0     ;
; Maximum fan-out node                        ; clock ;
; Maximum fan-out                             ; 1314  ;
; Total fan-out                               ; 16176 ;
; Average fan-out                             ; 3.60  ;
+---------------------------------------------+-------+


+----------------------------------------------------------------------------------------------------------------------------------------------------------------------------------------------------------------------------------------------------------------------------------------------------------------+
; Analysis & Synthesis Resource Utilization by Entity                                                                                                                                                                                                                                                            ;
+-------------------------------------------------+-------------------+--------------+-------------+--------------+---------+-----------+------+--------------+-----------------------------------------------------------------------------------------------------------------------------------+--------------+
; Compilation Hierarchy Node                      ; LC Combinationals ; LC Registers ; Memory Bits ; DSP Elements ; DSP 9x9 ; DSP 18x18 ; Pins ; Virtual Pins ; Full Hierarchy Name                                                                                                               ; Library Name ;
+-------------------------------------------------+-------------------+--------------+-------------+--------------+---------+-----------+------+--------------+-----------------------------------------------------------------------------------------------------------------------------------+--------------+
; |piplelinedcpu                                  ; 2886 (3)          ; 1338 (3)     ; 2304        ; 0            ; 0       ; 0         ; 224  ; 0            ; |piplelinedcpu                                                                                                                    ;              ;
;    |mux2x32:wb_stage|                           ; 32 (32)           ; 0 (0)        ; 0           ; 0            ; 0       ; 0         ; 0    ; 0            ; |piplelinedcpu|mux2x32:wb_stage                                                                                                   ;              ;
;    |pipedereg:de_reg|                           ; 0 (0)             ; 128 (128)    ; 0           ; 0            ; 0       ; 0         ; 0    ; 0            ; |piplelinedcpu|pipedereg:de_reg                                                                                                   ;              ;
;    |pipeemreg:em_reg|                           ; 0 (0)             ; 48 (48)      ; 0           ; 0            ; 0       ; 0         ; 0    ; 0            ; |piplelinedcpu|pipeemreg:em_reg                                                                                                   ;              ;
;    |pipeexe:exe_stage|                          ; 840 (35)          ; 0 (0)        ; 0           ; 0            ; 0       ; 0         ; 0    ; 0            ; |piplelinedcpu|pipeexe:exe_stage                                                                                                  ;              ;
;       |alu:al_unit|                             ; 461 (461)         ; 0 (0)        ; 0           ; 0            ; 0       ; 0         ; 0    ; 0            ; |piplelinedcpu|pipeexe:exe_stage|alu:al_unit                                                                                      ;              ;
;       |mux2x32:alu_ina|                         ; 32 (32)           ; 0 (0)        ; 0           ; 0            ; 0       ; 0         ; 0    ; 0            ; |piplelinedcpu|pipeexe:exe_stage|mux2x32:alu_ina                                                                                  ;              ;
;       |mux2x32:alu_inb|                         ; 34 (34)           ; 0 (0)        ; 0           ; 0            ; 0       ; 0         ; 0    ; 0            ; |piplelinedcpu|pipeexe:exe_stage|mux2x32:alu_inb                                                                                  ;              ;
;       |mux2x32:save_pc8|                        ; 278 (278)         ; 0 (0)        ; 0           ; 0            ; 0       ; 0         ; 0    ; 0            ; |piplelinedcpu|pipeexe:exe_stage|mux2x32:save_pc8                                                                                 ;              ;
;    |pipeid:id_stage|                            ; 1580 (53)         ; 992 (0)      ; 0           ; 0            ; 0       ; 0         ; 0    ; 0            ; |piplelinedcpu|pipeid:id_stage                                                                                                    ;              ;
;       |mux2x5:des_reg_no|                       ; 5 (5)             ; 0 (0)        ; 0           ; 0            ; 0       ; 0         ; 0    ; 0            ; |piplelinedcpu|pipeid:id_stage|mux2x5:des_reg_no                                                                                  ;              ;
;       |mux4x32:alu_a|                           ; 717 (717)         ; 0 (0)        ; 0           ; 0            ; 0       ; 0         ; 0    ; 0            ; |piplelinedcpu|pipeid:id_stage|mux4x32:alu_a                                                                                      ;              ;
;       |mux4x32:alu_b|                           ; 708 (708)         ; 0 (0)        ; 0           ; 0            ; 0       ; 0         ; 0    ; 0            ; |piplelinedcpu|pipeid:id_stage|mux4x32:alu_b                                                                                      ;              ;
;       |pipeidcu:cu|                             ; 56 (56)           ; 0 (0)        ; 0           ; 0            ; 0       ; 0         ; 0    ; 0            ; |piplelinedcpu|pipeid:id_stage|pipeidcu:cu                                                                                        ;              ;
;       |regfile:rf|                              ; 41 (41)           ; 992 (992)    ; 0           ; 0            ; 0       ; 0         ; 0    ; 0            ; |piplelinedcpu|pipeid:id_stage|regfile:rf                                                                                         ;              ;
;    |pipeif:if_stage|                            ; 94 (30)           ; 0 (0)        ; 2048        ; 0            ; 0       ; 0         ; 0    ; 0            ; |piplelinedcpu|pipeif:if_stage                                                                                                    ;              ;
;       |mux4x32:next_pc|                         ; 64 (64)           ; 0 (0)        ; 0           ; 0            ; 0       ; 0         ; 0    ; 0            ; |piplelinedcpu|pipeif:if_stage|mux4x32:next_pc                                                                                    ;              ;
;       |pipeimem:inst_mem|                       ; 0 (0)             ; 0 (0)        ; 2048        ; 0            ; 0       ; 0         ; 0    ; 0            ; |piplelinedcpu|pipeif:if_stage|pipeimem:inst_mem                                                                                  ;              ;
;          |lpm_rom_irom:irom|                    ; 0 (0)             ; 0 (0)        ; 2048        ; 0            ; 0       ; 0         ; 0    ; 0            ; |piplelinedcpu|pipeif:if_stage|pipeimem:inst_mem|lpm_rom_irom:irom                                                                ;              ;
;             |altsyncram:altsyncram_component|   ; 0 (0)             ; 0 (0)        ; 2048        ; 0            ; 0       ; 0         ; 0    ; 0            ; |piplelinedcpu|pipeif:if_stage|pipeimem:inst_mem|lpm_rom_irom:irom|altsyncram:altsyncram_component                                ;              ;
;                |altsyncram_qib1:auto_generated| ; 0 (0)             ; 0 (0)        ; 2048        ; 0            ; 0       ; 0         ; 0    ; 0            ; |piplelinedcpu|pipeif:if_stage|pipeimem:inst_mem|lpm_rom_irom:irom|altsyncram:altsyncram_component|altsyncram_qib1:auto_generated ;              ;
;    |pipeir:inst_reg|                            ; 0 (0)             ; 64 (0)       ; 0           ; 0            ; 0       ; 0         ; 0    ; 0            ; |piplelinedcpu|pipeir:inst_reg                                                                                                    ;              ;
;       |dffe32:instruction|                      ; 0 (0)             ; 32 (32)      ; 0           ; 0            ; 0       ; 0         ; 0    ; 0            ; |piplelinedcpu|pipeir:inst_reg|dffe32:instruction                                                                                 ;              ;
;       |dffe32:pc_plus4|                         ; 0 (0)             ; 32 (32)      ; 0           ; 0            ; 0       ; 0         ; 0    ; 0            ; |piplelinedcpu|pipeir:inst_reg|dffe32:pc_plus4                                                                                    ;              ;
;    |pipemem:mem_stage|                          ; 336 (42)          ; 24 (24)      ; 256         ; 0            ; 0       ; 0         ; 0    ; 0            ; |piplelinedcpu|pipemem:mem_stage                                                                                                  ;              ;
;       |lpm_ram_dq_dram:dram|                    ; 0 (0)             ; 0 (0)        ; 256         ; 0            ; 0       ; 0         ; 0    ; 0            ; |piplelinedcpu|pipemem:mem_stage|lpm_ram_dq_dram:dram                                                                             ;              ;
;          |altsyncram:altsyncram_component|      ; 0 (0)             ; 0 (0)        ; 256         ; 0            ; 0       ; 0         ; 0    ; 0            ; |piplelinedcpu|pipemem:mem_stage|lpm_ram_dq_dram:dram|altsyncram:altsyncram_component                                             ;              ;
;             |altsyncram_62f1:auto_generated|    ; 0 (0)             ; 0 (0)        ; 256         ; 0            ; 0       ; 0         ; 0    ; 0            ; |piplelinedcpu|pipemem:mem_stage|lpm_ram_dq_dram:dram|altsyncram:altsyncram_component|altsyncram_62f1:auto_generated              ;              ;
;       |transform:plus1_show|                    ; 98 (84)           ; 0 (0)        ; 0           ; 0            ; 0       ; 0         ; 0    ; 0            ; |piplelinedcpu|pipemem:mem_stage|transform:plus1_show                                                                             ;              ;
;          |sevenseg:show_num_high|               ; 7 (7)             ; 0 (0)        ; 0           ; 0            ; 0       ; 0         ; 0    ; 0            ; |piplelinedcpu|pipemem:mem_stage|transform:plus1_show|sevenseg:show_num_high                                                      ;              ;
;          |sevenseg:show_num_low|                ; 7 (7)             ; 0 (0)        ; 0           ; 0            ; 0       ; 0         ; 0    ; 0            ; |piplelinedcpu|pipemem:mem_stage|transform:plus1_show|sevenseg:show_num_low                                                       ;              ;
;       |transform:plus2_show|                    ; 98 (84)           ; 0 (0)        ; 0           ; 0            ; 0       ; 0         ; 0    ; 0            ; |piplelinedcpu|pipemem:mem_stage|transform:plus2_show                                                                             ;              ;
;          |sevenseg:show_num_high|               ; 7 (7)             ; 0 (0)        ; 0           ; 0            ; 0       ; 0         ; 0    ; 0            ; |piplelinedcpu|pipemem:mem_stage|transform:plus2_show|sevenseg:show_num_high                                                      ;              ;
;          |sevenseg:show_num_low|                ; 7 (7)             ; 0 (0)        ; 0           ; 0            ; 0       ; 0         ; 0    ; 0            ; |piplelinedcpu|pipemem:mem_stage|transform:plus2_show|sevenseg:show_num_low                                                       ;              ;
;       |transform:total_show|                    ; 98 (84)           ; 0 (0)        ; 0           ; 0            ; 0       ; 0         ; 0    ; 0            ; |piplelinedcpu|pipemem:mem_stage|transform:total_show                                                                             ;              ;
;          |sevenseg:show_num_high|               ; 7 (7)             ; 0 (0)        ; 0           ; 0            ; 0       ; 0         ; 0    ; 0            ; |piplelinedcpu|pipemem:mem_stage|transform:total_show|sevenseg:show_num_high                                                      ;              ;
;          |sevenseg:show_num_low|                ; 7 (7)             ; 0 (0)        ; 0           ; 0            ; 0       ; 0         ; 0    ; 0            ; |piplelinedcpu|pipemem:mem_stage|transform:total_show|sevenseg:show_num_low                                                       ;              ;
;    |pipemwreg:mw_reg|                           ; 0 (0)             ; 47 (47)      ; 0           ; 0            ; 0       ; 0         ; 0    ; 0            ; |piplelinedcpu|pipemwreg:mw_reg                                                                                                   ;              ;
;    |pipepc:prog_cnt|                            ; 1 (0)             ; 32 (0)       ; 0           ; 0            ; 0       ; 0         ; 0    ; 0            ; |piplelinedcpu|pipepc:prog_cnt                                                                                                    ;              ;
;       |dffe32:program_counter|                  ; 1 (1)             ; 32 (32)      ; 0           ; 0            ; 0       ; 0         ; 0    ; 0            ; |piplelinedcpu|pipepc:prog_cnt|dffe32:program_counter                                                                             ;              ;
+-------------------------------------------------+-------------------+--------------+-------------+--------------+---------+-----------+------+--------------+-----------------------------------------------------------------------------------------------------------------------------------+--------------+
Note: For table entries with two numbers listed, the numbers in parentheses indicate the number of resources of the given type used by the specific entity alone. The numbers listed outside of parentheses indicate the total resources of the given type used by the specific entity and all of its sub-entities in the hierarchy.


+----------------------------------------------------------------------------------------------------------------------------------------------------------------------------------------------------------------------------------------+
; Analysis & Synthesis RAM Summary                                                                                                                                                                                                       ;
+-------------------------------------------------------------------------------------------------------------------------------+------+-------------+--------------+--------------+--------------+--------------+------+----------------+
; Name                                                                                                                          ; Type ; Mode        ; Port A Depth ; Port A Width ; Port B Depth ; Port B Width ; Size ; MIF            ;
+-------------------------------------------------------------------------------------------------------------------------------+------+-------------+--------------+--------------+--------------+--------------+------+----------------+
; pipeif:if_stage|pipeimem:inst_mem|lpm_rom_irom:irom|altsyncram:altsyncram_component|altsyncram_qib1:auto_generated|ALTSYNCRAM ; M4K  ; ROM         ; 64           ; 32           ; --           ; --           ; 2048 ; ./pipeimem.mif ;
; pipemem:mem_stage|lpm_ram_dq_dram:dram|altsyncram:altsyncram_component|altsyncram_62f1:auto_generated|ALTSYNCRAM              ; M4K  ; Single Port ; 32           ; 32           ; --           ; --           ; 1024 ; ./pipedmem.mif ;
+-------------------------------------------------------------------------------------------------------------------------------+------+-------------+--------------+--------------+--------------+--------------+------+----------------+


+---------------------------------------------------------------------------------------------------------------------------------------------------------------------------------+
; Analysis & Synthesis IP Cores Summary                                                                                                                                           ;
+--------+--------------+---------+--------------+--------------+--------------------------------------------------------------------+--------------------------------------------+
; Vendor ; IP Core Name ; Version ; Release Date ; License Type ; Entity Instance                                                    ; IP Include File                            ;
+--------+--------------+---------+--------------+--------------+--------------------------------------------------------------------+--------------------------------------------+
; Altera ; LPM_ROM      ; N/A     ; N/A          ; N/A          ; |piplelinedcpu|pipeif:if_stage|pipeimem:inst_mem|lpm_rom_irom:irom ; C:/altera/13.0/npunchcpu/lpm_rom_irom.v    ;
; Altera ; LPM_RAM_DQ   ; N/A     ; N/A          ; N/A          ; |piplelinedcpu|pipemem:mem_stage|lpm_ram_dq_dram:dram              ; C:/altera/13.0/npunchcpu/lpm_ram_dq_dram.v ;
+--------+--------------+---------+--------------+--------------+--------------------------------------------------------------------+--------------------------------------------+


+---------------------------------------------------------------------------------+
; Registers Removed During Synthesis                                              ;
+----------------------------------------+----------------------------------------+
; Register name                          ; Reason for Removal                     ;
+----------------------------------------+----------------------------------------+
; pipeemreg:em_reg|mb[8..31]             ; Lost fanout                            ;
; pipemwreg:mw_reg|wmo[8..31]            ; Stuck at GND due to stuck port data_in ;
; pipedereg:de_reg|eimm[16..30]          ; Merged with pipedereg:de_reg|eimm[31]  ;
; pipemem:mem_stage|lcdreg[0][0]         ; Stuck at GND due to stuck port data_in ;
; pipemem:mem_stage|lcdreg[0][1]         ; Stuck at GND due to stuck port data_in ;
; pipemem:mem_stage|lcdreg[0][2]         ; Stuck at GND due to stuck port data_in ;
; pipemem:mem_stage|lcdreg[0][3]         ; Stuck at GND due to stuck port data_in ;
; pipemem:mem_stage|lcdreg[0][4]         ; Stuck at GND due to stuck port data_in ;
; pipemem:mem_stage|lcdreg[0][5]         ; Stuck at GND due to stuck port data_in ;
; pipemem:mem_stage|lcdreg[0][6]         ; Stuck at GND due to stuck port data_in ;
; pipemem:mem_stage|lcdreg[0][7]         ; Stuck at GND due to stuck port data_in ;
; Total Number of Removed Registers = 71 ;                                        ;
+----------------------------------------+----------------------------------------+


+------------------------------------------------------+
; General Register Statistics                          ;
+----------------------------------------------+-------+
; Statistic                                    ; Value ;
+----------------------------------------------+-------+
; Total registers                              ; 1338  ;
; Number of registers using Synchronous Clear  ; 0     ;
; Number of registers using Synchronous Load   ; 0     ;
; Number of registers using Asynchronous Clear ; 1311  ;
; Number of registers using Asynchronous Load  ; 0     ;
; Number of registers using Clock Enable       ; 1112  ;
; Number of registers using Preset             ; 0     ;
+----------------------------------------------+-------+


+---------------------------------------------------------------------------------------------------------------------------------------------------------------------------+
; Multiplexer Restructuring Statistics (Restructuring Performed)                                                                                                            ;
+--------------------+-----------+---------------+----------------------+------------------------+------------+-------------------------------------------------------------+
; Multiplexer Inputs ; Bus Width ; Baseline Area ; Area if Restructured ; Saving if Restructured ; Registered ; Example Multiplexer Output                                  ;
+--------------------+-----------+---------------+----------------------+------------------------+------------+-------------------------------------------------------------+
; 4:1                ; 2 bits    ; 4 LEs         ; 4 LEs                ; 0 LEs                  ; Yes        ; |piplelinedcpu|pipepc:prog_cnt|dffe32:program_counter|q[1]  ;
; 4:1                ; 30 bits   ; 60 LEs        ; 60 LEs               ; 0 LEs                  ; Yes        ; |piplelinedcpu|pipepc:prog_cnt|dffe32:program_counter|q[12] ;
; 4:1                ; 8 bits    ; 16 LEs        ; 16 LEs               ; 0 LEs                  ; No         ; |piplelinedcpu|pipemem:mem_stage|Mux1                       ;
; 3:1                ; 2 bits    ; 4 LEs         ; 4 LEs                ; 0 LEs                  ; No         ; |piplelinedcpu|pipeid:id_stage|pipeidcu:cu|fwda[0]          ;
; 34:1               ; 32 bits   ; 704 LEs       ; 704 LEs              ; 0 LEs                  ; No         ; |piplelinedcpu|pipeid:id_stage|mux4x32:alu_b|Mux27          ;
; 34:1               ; 32 bits   ; 704 LEs       ; 704 LEs              ; 0 LEs                  ; No         ; |piplelinedcpu|pipeid:id_stage|mux4x32:alu_a|Mux28          ;
; 23:1               ; 7 bits    ; 105 LEs       ; 56 LEs               ; 49 LEs                 ; No         ; |piplelinedcpu|pipeexe:exe_stage|mux2x32:save_pc8|y[13]     ;
; 24:1               ; 7 bits    ; 112 LEs       ; 56 LEs               ; 56 LEs                 ; No         ; |piplelinedcpu|pipeexe:exe_stage|mux2x32:save_pc8|y[23]     ;
; 24:1               ; 4 bits    ; 64 LEs        ; 32 LEs               ; 32 LEs                 ; No         ; |piplelinedcpu|pipeexe:exe_stage|mux2x32:save_pc8|y[4]      ;
; 25:1               ; 4 bits    ; 64 LEs        ; 32 LEs               ; 32 LEs                 ; No         ; |piplelinedcpu|pipeexe:exe_stage|mux2x32:save_pc8|y[24]     ;
; 25:1               ; 2 bits    ; 32 LEs        ; 20 LEs               ; 12 LEs                 ; No         ; |piplelinedcpu|pipeexe:exe_stage|mux2x32:save_pc8|y[2]      ;
; 26:1               ; 2 bits    ; 34 LEs        ; 18 LEs               ; 16 LEs                 ; No         ; |piplelinedcpu|pipeexe:exe_stage|mux2x32:save_pc8|y[29]     ;
+--------------------+-----------+---------------+----------------------+------------------------+------------+-------------------------------------------------------------+


+-------------------------------------------------------------------------------------------------------------------------------------------+
; Source assignments for pipeif:if_stage|pipeimem:inst_mem|lpm_rom_irom:irom|altsyncram:altsyncram_component|altsyncram_qib1:auto_generated ;
+---------------------------------+--------------------+------+-----------------------------------------------------------------------------+
; Assignment                      ; Value              ; From ; To                                                                          ;
+---------------------------------+--------------------+------+-----------------------------------------------------------------------------+
; OPTIMIZE_POWER_DURING_SYNTHESIS ; NORMAL_COMPILATION ; -    ; -                                                                           ;
+---------------------------------+--------------------+------+-----------------------------------------------------------------------------+


+------------------------------------------------------------------------------------------------------------------------------+
; Source assignments for pipemem:mem_stage|lpm_ram_dq_dram:dram|altsyncram:altsyncram_component|altsyncram_62f1:auto_generated ;
+---------------------------------+--------------------+------+----------------------------------------------------------------+
; Assignment                      ; Value              ; From ; To                                                             ;
+---------------------------------+--------------------+------+----------------------------------------------------------------+
; OPTIMIZE_POWER_DURING_SYNTHESIS ; NORMAL_COMPILATION ; -    ; -                                                              ;
+---------------------------------+--------------------+------+----------------------------------------------------------------+


+----------------------------------------------------------------------------------------------------------------------------------+
; Parameter Settings for User Entity Instance: pipeif:if_stage|pipeimem:inst_mem|lpm_rom_irom:irom|altsyncram:altsyncram_component ;
+------------------------------------+----------------------+----------------------------------------------------------------------+
; Parameter Name                     ; Value                ; Type                                                                 ;
+------------------------------------+----------------------+----------------------------------------------------------------------+
; BYTE_SIZE_BLOCK                    ; 8                    ; Untyped                                                              ;
; AUTO_CARRY_CHAINS                  ; ON                   ; AUTO_CARRY                                                           ;
; IGNORE_CARRY_BUFFERS               ; OFF                  ; IGNORE_CARRY                                                         ;
; AUTO_CASCADE_CHAINS                ; ON                   ; AUTO_CASCADE                                                         ;
; IGNORE_CASCADE_BUFFERS             ; OFF                  ; IGNORE_CASCADE                                                       ;
; WIDTH_BYTEENA                      ; 1                    ; Untyped                                                              ;
; OPERATION_MODE                     ; ROM                  ; Untyped                                                              ;
; WIDTH_A                            ; 32                   ; Signed Integer                                                       ;
; WIDTHAD_A                          ; 6                    ; Signed Integer                                                       ;
; NUMWORDS_A                         ; 64                   ; Signed Integer                                                       ;
; OUTDATA_REG_A                      ; UNREGISTERED         ; Untyped                                                              ;
; ADDRESS_ACLR_A                     ; NONE                 ; Untyped                                                              ;
; OUTDATA_ACLR_A                     ; NONE                 ; Untyped                                                              ;
; WRCONTROL_ACLR_A                   ; NONE                 ; Untyped                                                              ;
; INDATA_ACLR_A                      ; NONE                 ; Untyped                                                              ;
; BYTEENA_ACLR_A                     ; NONE                 ; Untyped                                                              ;
; WIDTH_B                            ; 1                    ; Untyped                                                              ;
; WIDTHAD_B                          ; 1                    ; Untyped                                                              ;
; NUMWORDS_B                         ; 1                    ; Untyped                                                              ;
; INDATA_REG_B                       ; CLOCK1               ; Untyped                                                              ;
; WRCONTROL_WRADDRESS_REG_B          ; CLOCK1               ; Untyped                                                              ;
; RDCONTROL_REG_B                    ; CLOCK1               ; Untyped                                                              ;
; ADDRESS_REG_B                      ; CLOCK1               ; Untyped                                                              ;
; OUTDATA_REG_B                      ; UNREGISTERED         ; Untyped                                                              ;
; BYTEENA_REG_B                      ; CLOCK1               ; Untyped                                                              ;
; INDATA_ACLR_B                      ; NONE                 ; Untyped                                                              ;
; WRCONTROL_ACLR_B                   ; NONE                 ; Untyped                                                              ;
; ADDRESS_ACLR_B                     ; NONE                 ; Untyped                                                              ;
; OUTDATA_ACLR_B                     ; NONE                 ; Untyped                                                              ;
; RDCONTROL_ACLR_B                   ; NONE                 ; Untyped                                                              ;
; BYTEENA_ACLR_B                     ; NONE                 ; Untyped                                                              ;
; WIDTH_BYTEENA_A                    ; 1                    ; Signed Integer                                                       ;
; WIDTH_BYTEENA_B                    ; 1                    ; Untyped                                                              ;
; RAM_BLOCK_TYPE                     ; M4K                  ; Untyped                                                              ;
; BYTE_SIZE                          ; 8                    ; Untyped                                                              ;
; READ_DURING_WRITE_MODE_MIXED_PORTS ; DONT_CARE            ; Untyped                                                              ;
; READ_DURING_WRITE_MODE_PORT_A      ; NEW_DATA_NO_NBE_READ ; Untyped                                                              ;
; READ_DURING_WRITE_MODE_PORT_B      ; NEW_DATA_NO_NBE_READ ; Untyped                                                              ;
; INIT_FILE                          ; ./pipeimem.mif       ; Untyped                                                              ;
; INIT_FILE_LAYOUT                   ; PORT_A               ; Untyped                                                              ;
; MAXIMUM_DEPTH                      ; 256                  ; Signed Integer                                                       ;
; CLOCK_ENABLE_INPUT_A               ; BYPASS               ; Untyped                                                              ;
; CLOCK_ENABLE_INPUT_B               ; NORMAL               ; Untyped                                                              ;
; CLOCK_ENABLE_OUTPUT_A              ; BYPASS               ; Untyped                                                              ;
; CLOCK_ENABLE_OUTPUT_B              ; NORMAL               ; Untyped                                                              ;
; CLOCK_ENABLE_CORE_A                ; USE_INPUT_CLKEN      ; Untyped                                                              ;
; CLOCK_ENABLE_CORE_B                ; USE_INPUT_CLKEN      ; Untyped                                                              ;
; ENABLE_ECC                         ; FALSE                ; Untyped                                                              ;
; ECC_PIPELINE_STAGE_ENABLED         ; FALSE                ; Untyped                                                              ;
; WIDTH_ECCSTATUS                    ; 3                    ; Untyped                                                              ;
; DEVICE_FAMILY                      ; Cyclone II           ; Untyped                                                              ;
; CBXI_PARAMETER                     ; altsyncram_qib1      ; Untyped                                                              ;
+------------------------------------+----------------------+----------------------------------------------------------------------+
Note: In order to hide this table in the UI and the text report file, please set the "Show Parameter Settings in Synthesis Report" option in "Analysis and Synthesis Settings -> More Settings" to "Off".


+---------------------------------------------------------------------------------------------------------------------+
; Parameter Settings for User Entity Instance: pipemem:mem_stage|lpm_ram_dq_dram:dram|altsyncram:altsyncram_component ;
+------------------------------------+----------------------+---------------------------------------------------------+
; Parameter Name                     ; Value                ; Type                                                    ;
+------------------------------------+----------------------+---------------------------------------------------------+
; BYTE_SIZE_BLOCK                    ; 8                    ; Untyped                                                 ;
; AUTO_CARRY_CHAINS                  ; ON                   ; AUTO_CARRY                                              ;
; IGNORE_CARRY_BUFFERS               ; OFF                  ; IGNORE_CARRY                                            ;
; AUTO_CASCADE_CHAINS                ; ON                   ; AUTO_CASCADE                                            ;
; IGNORE_CASCADE_BUFFERS             ; OFF                  ; IGNORE_CASCADE                                          ;
; WIDTH_BYTEENA                      ; 1                    ; Untyped                                                 ;
; OPERATION_MODE                     ; SINGLE_PORT          ; Untyped                                                 ;
; WIDTH_A                            ; 32                   ; Signed Integer                                          ;
; WIDTHAD_A                          ; 5                    ; Signed Integer                                          ;
; NUMWORDS_A                         ; 32                   ; Signed Integer                                          ;
; OUTDATA_REG_A                      ; UNREGISTERED         ; Untyped                                                 ;
; ADDRESS_ACLR_A                     ; NONE                 ; Untyped                                                 ;
; OUTDATA_ACLR_A                     ; NONE                 ; Untyped                                                 ;
; WRCONTROL_ACLR_A                   ; NONE                 ; Untyped                                                 ;
; INDATA_ACLR_A                      ; NONE                 ; Untyped                                                 ;
; BYTEENA_ACLR_A                     ; NONE                 ; Untyped                                                 ;
; WIDTH_B                            ; 1                    ; Untyped                                                 ;
; WIDTHAD_B                          ; 1                    ; Untyped                                                 ;
; NUMWORDS_B                         ; 1                    ; Untyped                                                 ;
; INDATA_REG_B                       ; CLOCK1               ; Untyped                                                 ;
; WRCONTROL_WRADDRESS_REG_B          ; CLOCK1               ; Untyped                                                 ;
; RDCONTROL_REG_B                    ; CLOCK1               ; Untyped                                                 ;
; ADDRESS_REG_B                      ; CLOCK1               ; Untyped                                                 ;
; OUTDATA_REG_B                      ; UNREGISTERED         ; Untyped                                                 ;
; BYTEENA_REG_B                      ; CLOCK1               ; Untyped                                                 ;
; INDATA_ACLR_B                      ; NONE                 ; Untyped                                                 ;
; WRCONTROL_ACLR_B                   ; NONE                 ; Untyped                                                 ;
; ADDRESS_ACLR_B                     ; NONE                 ; Untyped                                                 ;
; OUTDATA_ACLR_B                     ; NONE                 ; Untyped                                                 ;
; RDCONTROL_ACLR_B                   ; NONE                 ; Untyped                                                 ;
; BYTEENA_ACLR_B                     ; NONE                 ; Untyped                                                 ;
; WIDTH_BYTEENA_A                    ; 1                    ; Signed Integer                                          ;
; WIDTH_BYTEENA_B                    ; 1                    ; Untyped                                                 ;
; RAM_BLOCK_TYPE                     ; M4K                  ; Untyped                                                 ;
; BYTE_SIZE                          ; 8                    ; Untyped                                                 ;
; READ_DURING_WRITE_MODE_MIXED_PORTS ; DONT_CARE            ; Untyped                                                 ;
; READ_DURING_WRITE_MODE_PORT_A      ; NEW_DATA_NO_NBE_READ ; Untyped                                                 ;
; READ_DURING_WRITE_MODE_PORT_B      ; NEW_DATA_NO_NBE_READ ; Untyped                                                 ;
; INIT_FILE                          ; ./pipedmem.mif       ; Untyped                                                 ;
; INIT_FILE_LAYOUT                   ; PORT_A               ; Untyped                                                 ;
; MAXIMUM_DEPTH                      ; 0                    ; Untyped                                                 ;
; CLOCK_ENABLE_INPUT_A               ; BYPASS               ; Untyped                                                 ;
; CLOCK_ENABLE_INPUT_B               ; NORMAL               ; Untyped                                                 ;
; CLOCK_ENABLE_OUTPUT_A              ; BYPASS               ; Untyped                                                 ;
; CLOCK_ENABLE_OUTPUT_B              ; NORMAL               ; Untyped                                                 ;
; CLOCK_ENABLE_CORE_A                ; USE_INPUT_CLKEN      ; Untyped                                                 ;
; CLOCK_ENABLE_CORE_B                ; USE_INPUT_CLKEN      ; Untyped                                                 ;
; ENABLE_ECC                         ; FALSE                ; Untyped                                                 ;
; ECC_PIPELINE_STAGE_ENABLED         ; FALSE                ; Untyped                                                 ;
; WIDTH_ECCSTATUS                    ; 3                    ; Untyped                                                 ;
; DEVICE_FAMILY                      ; Cyclone II           ; Untyped                                                 ;
; CBXI_PARAMETER                     ; altsyncram_62f1      ; Untyped                                                 ;
+------------------------------------+----------------------+---------------------------------------------------------+
Note: In order to hide this table in the UI and the text report file, please set the "Show Parameter Settings in Synthesis Report" option in "Analysis and Synthesis Settings -> More Settings" to "Off".


+---------------------------------------------------------------------------------------------------------------------------------+
; altsyncram Parameter Settings by Entity Instance                                                                                ;
+-------------------------------------------+-------------------------------------------------------------------------------------+
; Name                                      ; Value                                                                               ;
+-------------------------------------------+-------------------------------------------------------------------------------------+
; Number of entity instances                ; 2                                                                                   ;
; Entity Instance                           ; pipeif:if_stage|pipeimem:inst_mem|lpm_rom_irom:irom|altsyncram:altsyncram_component ;
;     -- OPERATION_MODE                     ; ROM                                                                                 ;
;     -- WIDTH_A                            ; 32                                                                                  ;
;     -- NUMWORDS_A                         ; 64                                                                                  ;
;     -- OUTDATA_REG_A                      ; UNREGISTERED                                                                        ;
;     -- WIDTH_B                            ; 1                                                                                   ;
;     -- NUMWORDS_B                         ; 1                                                                                   ;
;     -- ADDRESS_REG_B                      ; CLOCK1                                                                              ;
;     -- OUTDATA_REG_B                      ; UNREGISTERED                                                                        ;
;     -- RAM_BLOCK_TYPE                     ; M4K                                                                                 ;
;     -- READ_DURING_WRITE_MODE_MIXED_PORTS ; DONT_CARE                                                                           ;
; Entity Instance                           ; pipemem:mem_stage|lpm_ram_dq_dram:dram|altsyncram:altsyncram_component              ;
;     -- OPERATION_MODE                     ; SINGLE_PORT                                                                         ;
;     -- WIDTH_A                            ; 32                                                                                  ;
;     -- NUMWORDS_A                         ; 32                                                                                  ;
;     -- OUTDATA_REG_A                      ; UNREGISTERED                                                                        ;
;     -- WIDTH_B                            ; 1                                                                                   ;
;     -- NUMWORDS_B                         ; 1                                                                                   ;
;     -- ADDRESS_REG_B                      ; CLOCK1                                                                              ;
;     -- OUTDATA_REG_B                      ; UNREGISTERED                                                                        ;
;     -- RAM_BLOCK_TYPE                     ; M4K                                                                                 ;
;     -- READ_DURING_WRITE_MODE_MIXED_PORTS ; DONT_CARE                                                                           ;
+-------------------------------------------+-------------------------------------------------------------------------------------+


+---------------------------------------------------------------------------------------------------------------------------------------------------+
; Port Connectivity Checks: "pipemem:mem_stage|lpm_ram_dq_dram:dram"                                                                                ;
+------+--------+----------+------------------------------------------------------------------------------------------------------------------------+
; Port ; Type   ; Severity ; Details                                                                                                                ;
+------+--------+----------+------------------------------------------------------------------------------------------------------------------------+
; q    ; Output ; Warning  ; Output or bidir port (32 bits) is wider than the port expression (8 bits) it drives; bit(s) "q[31..8]" have no fanouts ;
+------+--------+----------+------------------------------------------------------------------------------------------------------------------------+


+---------------------------------------------------------------------------------------------------------------------------------------------------------------------------------------------------------------+
; Port Connectivity Checks: "pipeexe:exe_stage|alu:al_unit"                                                                                                                                                     ;
+------+--------+----------+------------------------------------------------------------------------------------------------------------------------------------------------------------------------------------+
; Port ; Type   ; Severity ; Details                                                                                                                                                                            ;
+------+--------+----------+------------------------------------------------------------------------------------------------------------------------------------------------------------------------------------+
; aluc ; Input  ; Warning  ; Input port expression (32 bits) is wider than the input port (4 bits) it drives.  The 28 most-significant bit(s) in the expression will be dangling if they have no other fanouts. ;
; z    ; Output ; Info     ; Connected to dangling logic. Logic that only feeds a dangling port will be removed.                                                                                                ;
+------+--------+----------+------------------------------------------------------------------------------------------------------------------------------------------------------------------------------------+


+----------------------------------------------------------------------------------------------------------------------------------------------------------------------------+
; Port Connectivity Checks: "pipeexe:exe_stage"                                                                                                                              ;
+-------+-------+----------+-------------------------------------------------------------------------------------------------------------------------------------------------+
; Port  ; Type  ; Severity ; Details                                                                                                                                         ;
+-------+-------+----------+-------------------------------------------------------------------------------------------------------------------------------------------------+
; ealuc ; Input ; Warning  ; Input port expression (4 bits) is smaller than the input port (32 bits) it drives.  Extra input bit(s) "ealuc[31..4]" will be connected to GND. ;
+-------+-------+----------+-------------------------------------------------------------------------------------------------------------------------------------------------+


+-------------------------------+
; Elapsed Time Per Partition    ;
+----------------+--------------+
; Partition Name ; Elapsed Time ;
+----------------+--------------+
; Top            ; 00:00:37     ;
+----------------+--------------+


+-------------------------------+
; Analysis & Synthesis Messages ;
+-------------------------------+
Info: *******************************************************************
Info: Running Quartus II 64-Bit Analysis & Synthesis
    Info: Version 13.0.0 Build 156 04/24/2013 SJ Web Edition
    Info: Processing started: Mon May 23 21:00:51 2016
Info: Command: quartus_map --read_settings_files=on --write_settings_files=off cpu -c cpu
Warning (20028): Parallel compilation is not licensed and has been disabled
Info (12021): Found 1 design units, including 1 entities, in source file mux4x32.v
    Info (12023): Found entity 1: mux4x32
Info (12021): Found 1 design units, including 1 entities, in source file mux2x5.v
    Info (12023): Found entity 1: mux2x5
Info (12021): Found 1 design units, including 1 entities, in source file dff32.v
    Info (12023): Found entity 1: dff32
Info (12021): Found 0 design units, including 0 entities, in source file cla32.v
Info (12021): Found 1 design units, including 1 entities, in source file regfile.v
    Info (12023): Found entity 1: regfile
Info (12021): Found 1 design units, including 1 entities, in source file piplelinedcpu.v
    Info (12023): Found entity 1: piplelinedcpu
Info (12021): Found 1 design units, including 1 entities, in source file pipepc.v
    Info (12023): Found entity 1: pipepc
Info (12021): Found 1 design units, including 1 entities, in source file pipeif.v
    Info (12023): Found entity 1: pipeif
Info (12021): Found 1 design units, including 1 entities, in source file piplemem.v
    Info (12023): Found entity 1: pipeimem
Info (12021): Found 1 design units, including 1 entities, in source file pipeir.v
    Info (12023): Found entity 1: pipeir
Info (12021): Found 1 design units, including 1 entities, in source file pipeid.v
    Info (12023): Found entity 1: pipeid
Info (12021): Found 1 design units, including 1 entities, in source file pipeidcu.v
    Info (12023): Found entity 1: pipeidcu
Info (12021): Found 1 design units, including 1 entities, in source file pipedereg.v
    Info (12023): Found entity 1: pipedereg
Info (12021): Found 1 design units, including 1 entities, in source file pipeexe.v
    Info (12023): Found entity 1: pipeexe
Info (12021): Found 1 design units, including 1 entities, in source file pipeemreg.v
    Info (12023): Found entity 1: pipeemreg
Info (12021): Found 1 design units, including 1 entities, in source file pipemem.v
    Info (12023): Found entity 1: pipemem
Info (12021): Found 1 design units, including 1 entities, in source file pipemwreg.v
    Info (12023): Found entity 1: pipemwreg
Info (12021): Found 1 design units, including 1 entities, in source file mux2x32.v
    Info (12023): Found entity 1: mux2x32
Info (12021): Found 1 design units, including 1 entities, in source file dffe32.v
    Info (12023): Found entity 1: dffe32
Info (12021): Found 1 design units, including 1 entities, in source file alu.v
    Info (12023): Found entity 1: alu
Info (12021): Found 1 design units, including 1 entities, in source file lpm_ram_dq_dram.v
    Info (12023): Found entity 1: lpm_ram_dq_dram
Info (12021): Found 1 design units, including 1 entities, in source file lpm_rom_irom.v
    Info (12023): Found entity 1: lpm_rom_irom
Info (12021): Found 1 design units, including 1 entities, in source file get_switch.v
    Info (12023): Found entity 1: get_switch
Info (12021): Found 1 design units, including 1 entities, in source file transform.v
    Info (12023): Found entity 1: transform
Info (12021): Found 1 design units, including 1 entities, in source file led.v
    Info (12023): Found entity 1: sevenseg
Info (12127): Elaborating entity "piplelinedcpu" for the top level hierarchy
Info (12128): Elaborating entity "pipepc" for hierarchy "pipepc:prog_cnt"
Info (12128): Elaborating entity "dffe32" for hierarchy "pipepc:prog_cnt|dffe32:program_counter"
Info (12128): Elaborating entity "pipeif" for hierarchy "pipeif:if_stage"
Info (12128): Elaborating entity "mux4x32" for hierarchy "pipeif:if_stage|mux4x32:next_pc"
Info (12128): Elaborating entity "pipeimem" for hierarchy "pipeif:if_stage|pipeimem:inst_mem"
Info (12128): Elaborating entity "lpm_rom_irom" for hierarchy "pipeif:if_stage|pipeimem:inst_mem|lpm_rom_irom:irom"
Info (12128): Elaborating entity "altsyncram" for hierarchy "pipeif:if_stage|pipeimem:inst_mem|lpm_rom_irom:irom|altsyncram:altsyncram_component"
Info (12130): Elaborated megafunction instantiation "pipeif:if_stage|pipeimem:inst_mem|lpm_rom_irom:irom|altsyncram:altsyncram_component"
Info (12133): Instantiated megafunction "pipeif:if_stage|pipeimem:inst_mem|lpm_rom_irom:irom|altsyncram:altsyncram_component" with the following parameter:
    Info (12134): Parameter "clock_enable_input_a" = "BYPASS"
    Info (12134): Parameter "clock_enable_output_a" = "BYPASS"
    Info (12134): Parameter "init_file" = "./pipeimem.mif"
    Info (12134): Parameter "intended_device_family" = "Cyclone II"
    Info (12134): Parameter "lpm_hint" = "ENABLE_RUNTIME_MOD=NO"
    Info (12134): Parameter "lpm_type" = "altsyncram"
    Info (12134): Parameter "maximum_depth" = "256"
    Info (12134): Parameter "numwords_a" = "64"
    Info (12134): Parameter "operation_mode" = "ROM"
    Info (12134): Parameter "outdata_aclr_a" = "NONE"
    Info (12134): Parameter "outdata_reg_a" = "UNREGISTERED"
    Info (12134): Parameter "ram_block_type" = "M4K"
    Info (12134): Parameter "widthad_a" = "6"
    Info (12134): Parameter "width_a" = "32"
    Info (12134): Parameter "width_byteena_a" = "1"
Info (12021): Found 1 design units, including 1 entities, in source file db/altsyncram_qib1.tdf
    Info (12023): Found entity 1: altsyncram_qib1
Info (12128): Elaborating entity "altsyncram_qib1" for hierarchy "pipeif:if_stage|pipeimem:inst_mem|lpm_rom_irom:irom|altsyncram:altsyncram_component|altsyncram_qib1:auto_generated"
Info (12128): Elaborating entity "pipeir" for hierarchy "pipeir:inst_reg"
Info (12128): Elaborating entity "pipeid" for hierarchy "pipeid:id_stage"
Info (12128): Elaborating entity "pipeidcu" for hierarchy "pipeid:id_stage|pipeidcu:cu"
Info (12128): Elaborating entity "regfile" for hierarchy "pipeid:id_stage|regfile:rf"
Info (12128): Elaborating entity "mux2x5" for hierarchy "pipeid:id_stage|mux2x5:des_reg_no"
Info (12128): Elaborating entity "pipedereg" for hierarchy "pipedereg:de_reg"
Info (12128): Elaborating entity "pipeexe" for hierarchy "pipeexe:exe_stage"
Info (12128): Elaborating entity "mux2x32" for hierarchy "pipeexe:exe_stage|mux2x32:alu_ina"
Info (12128): Elaborating entity "alu" for hierarchy "pipeexe:exe_stage|alu:al_unit"
Info (12128): Elaborating entity "pipeemreg" for hierarchy "pipeemreg:em_reg"
Info (12128): Elaborating entity "pipemem" for hierarchy "pipemem:mem_stage"
Warning (10230): Verilog HDL assignment warning at pipemem.v(22): truncated value with size 32 to match size of target (5)
Warning (10230): Verilog HDL assignment warning at pipemem.v(34): truncated value with size 32 to match size of target (8)
Warning (10034): Output port "lcd[9..5]" at pipemem.v(13) has no driver
Info (12128): Elaborating entity "lpm_ram_dq_dram" for hierarchy "pipemem:mem_stage|lpm_ram_dq_dram:dram"
Info (12128): Elaborating entity "altsyncram" for hierarchy "pipemem:mem_stage|lpm_ram_dq_dram:dram|altsyncram:altsyncram_component"
Info (12130): Elaborated megafunction instantiation "pipemem:mem_stage|lpm_ram_dq_dram:dram|altsyncram:altsyncram_component"
Info (12133): Instantiated megafunction "pipemem:mem_stage|lpm_ram_dq_dram:dram|altsyncram:altsyncram_component" with the following parameter:
    Info (12134): Parameter "clock_enable_input_a" = "BYPASS"
    Info (12134): Parameter "clock_enable_output_a" = "BYPASS"
    Info (12134): Parameter "init_file" = "./pipedmem.mif"
    Info (12134): Parameter "intended_device_family" = "Cyclone II"
    Info (12134): Parameter "lpm_hint" = "ENABLE_RUNTIME_MOD=NO"
    Info (12134): Parameter "lpm_type" = "altsyncram"
    Info (12134): Parameter "numwords_a" = "32"
    Info (12134): Parameter "operation_mode" = "SINGLE_PORT"
    Info (12134): Parameter "outdata_aclr_a" = "NONE"
    Info (12134): Parameter "outdata_reg_a" = "UNREGISTERED"
    Info (12134): Parameter "power_up_uninitialized" = "FALSE"
    Info (12134): Parameter "ram_block_type" = "M4K"
    Info (12134): Parameter "widthad_a" = "5"
    Info (12134): Parameter "width_a" = "32"
    Info (12134): Parameter "width_byteena_a" = "1"
Info (12021): Found 1 design units, including 1 entities, in source file db/altsyncram_62f1.tdf
    Info (12023): Found entity 1: altsyncram_62f1
Info (12128): Elaborating entity "altsyncram_62f1" for hierarchy "pipemem:mem_stage|lpm_ram_dq_dram:dram|altsyncram:altsyncram_component|altsyncram_62f1:auto_generated"
Info (12128): Elaborating entity "get_switch" for hierarchy "pipemem:mem_stage|get_switch:plus_number1"
Warning (10034): Output port "number[7..5]" at get_switch.v(3) has no driver
Info (12128): Elaborating entity "transform" for hierarchy "pipemem:mem_stage|transform:plus1_show"
Warning (10230): Verilog HDL assignment warning at transform.v(16): truncated value with size 32 to match size of target (4)
Warning (10230): Verilog HDL assignment warning at transform.v(17): truncated value with size 32 to match size of target (8)
Warning (10230): Verilog HDL assignment warning at transform.v(21): truncated value with size 32 to match size of target (4)
Warning (10230): Verilog HDL assignment warning at transform.v(22): truncated value with size 32 to match size of target (8)
Warning (10230): Verilog HDL assignment warning at transform.v(26): truncated value with size 32 to match size of target (4)
Warning (10230): Verilog HDL assignment warning at transform.v(27): truncated value with size 32 to match size of target (8)
Warning (10230): Verilog HDL assignment warning at transform.v(31): truncated value with size 32 to match size of target (4)
Warning (10230): Verilog HDL assignment warning at transform.v(32): truncated value with size 32 to match size of target (8)
Warning (10230): Verilog HDL assignment warning at transform.v(36): truncated value with size 32 to match size of target (4)
Warning (10230): Verilog HDL assignment warning at transform.v(37): truncated value with size 32 to match size of target (8)
Warning (10230): Verilog HDL assignment warning at transform.v(41): truncated value with size 32 to match size of target (4)
Warning (10230): Verilog HDL assignment warning at transform.v(42): truncated value with size 32 to match size of target (8)
Warning (10230): Verilog HDL assignment warning at transform.v(44): truncated value with size 8 to match size of target (4)
Info (12128): Elaborating entity "sevenseg" for hierarchy "pipemem:mem_stage|transform:plus1_show|sevenseg:show_num_high"
Info (12128): Elaborating entity "pipemwreg" for hierarchy "pipemwreg:mw_reg"
Warning (14284): Synthesized away the following node(s):
    Warning (14285): Synthesized away the following RAM node(s):
        Warning (14320): Synthesized away node "pipemem:mem_stage|lpm_ram_dq_dram:dram|altsyncram:altsyncram_component|altsyncram_62f1:auto_generated|q_a[8]"
        Warning (14320): Synthesized away node "pipemem:mem_stage|lpm_ram_dq_dram:dram|altsyncram:altsyncram_component|altsyncram_62f1:auto_generated|q_a[9]"
        Warning (14320): Synthesized away node "pipemem:mem_stage|lpm_ram_dq_dram:dram|altsyncram:altsyncram_component|altsyncram_62f1:auto_generated|q_a[10]"
        Warning (14320): Synthesized away node "pipemem:mem_stage|lpm_ram_dq_dram:dram|altsyncram:altsyncram_component|altsyncram_62f1:auto_generated|q_a[11]"
        Warning (14320): Synthesized away node "pipemem:mem_stage|lpm_ram_dq_dram:dram|altsyncram:altsyncram_component|altsyncram_62f1:auto_generated|q_a[12]"
        Warning (14320): Synthesized away node "pipemem:mem_stage|lpm_ram_dq_dram:dram|altsyncram:altsyncram_component|altsyncram_62f1:auto_generated|q_a[13]"
        Warning (14320): Synthesized away node "pipemem:mem_stage|lpm_ram_dq_dram:dram|altsyncram:altsyncram_component|altsyncram_62f1:auto_generated|q_a[14]"
        Warning (14320): Synthesized away node "pipemem:mem_stage|lpm_ram_dq_dram:dram|altsyncram:altsyncram_component|altsyncram_62f1:auto_generated|q_a[15]"
        Warning (14320): Synthesized away node "pipemem:mem_stage|lpm_ram_dq_dram:dram|altsyncram:altsyncram_component|altsyncram_62f1:auto_generated|q_a[16]"
        Warning (14320): Synthesized away node "pipemem:mem_stage|lpm_ram_dq_dram:dram|altsyncram:altsyncram_component|altsyncram_62f1:auto_generated|q_a[17]"
        Warning (14320): Synthesized away node "pipemem:mem_stage|lpm_ram_dq_dram:dram|altsyncram:altsyncram_component|altsyncram_62f1:auto_generated|q_a[18]"
        Warning (14320): Synthesized away node "pipemem:mem_stage|lpm_ram_dq_dram:dram|altsyncram:altsyncram_component|altsyncram_62f1:auto_generated|q_a[19]"
        Warning (14320): Synthesized away node "pipemem:mem_stage|lpm_ram_dq_dram:dram|altsyncram:altsyncram_component|altsyncram_62f1:auto_generated|q_a[20]"
        Warning (14320): Synthesized away node "pipemem:mem_stage|lpm_ram_dq_dram:dram|altsyncram:altsyncram_component|altsyncram_62f1:auto_generated|q_a[21]"
        Warning (14320): Synthesized away node "pipemem:mem_stage|lpm_ram_dq_dram:dram|altsyncram:altsyncram_component|altsyncram_62f1:auto_generated|q_a[22]"
        Warning (14320): Synthesized away node "pipemem:mem_stage|lpm_ram_dq_dram:dram|altsyncram:altsyncram_component|altsyncram_62f1:auto_generated|q_a[23]"
        Warning (14320): Synthesized away node "pipemem:mem_stage|lpm_ram_dq_dram:dram|altsyncram:altsyncram_component|altsyncram_62f1:auto_generated|q_a[24]"
        Warning (14320): Synthesized away node "pipemem:mem_stage|lpm_ram_dq_dram:dram|altsyncram:altsyncram_component|altsyncram_62f1:auto_generated|q_a[25]"
        Warning (14320): Synthesized away node "pipemem:mem_stage|lpm_ram_dq_dram:dram|altsyncram:altsyncram_component|altsyncram_62f1:auto_generated|q_a[26]"
        Warning (14320): Synthesized away node "pipemem:mem_stage|lpm_ram_dq_dram:dram|altsyncram:altsyncram_component|altsyncram_62f1:auto_generated|q_a[27]"
        Warning (14320): Synthesized away node "pipemem:mem_stage|lpm_ram_dq_dram:dram|altsyncram:altsyncram_component|altsyncram_62f1:auto_generated|q_a[28]"
        Warning (14320): Synthesized away node "pipemem:mem_stage|lpm_ram_dq_dram:dram|altsyncram:altsyncram_component|altsyncram_62f1:auto_generated|q_a[29]"
        Warning (14320): Synthesized away node "pipemem:mem_stage|lpm_ram_dq_dram:dram|altsyncram:altsyncram_component|altsyncram_62f1:auto_generated|q_a[30]"
        Warning (14320): Synthesized away node "pipemem:mem_stage|lpm_ram_dq_dram:dram|altsyncram:altsyncram_component|altsyncram_62f1:auto_generated|q_a[31]"
Warning (12241): 3 hierarchies have connectivity warnings - see the Connectivity Checks report folder
Warning (13024): Output pins are stuck at VCC or GND
    Warning (13410): Pin "lcd[5]" is stuck at GND
    Warning (13410): Pin "lcd[6]" is stuck at GND
    Warning (13410): Pin "lcd[7]" is stuck at GND
    Warning (13410): Pin "lcd[8]" is stuck at GND
    Warning (13410): Pin "lcd[9]" is stuck at GND
Info (17049): 24 registers lost all their fanouts during netlist optimizations.
Info (144001): Generated suppressed messages file C:/altera/13.0/npunchcpu/output_files/cpu.map.smsg
Info (16010): Generating hard_block partition "hard_block:auto_generated_inst"
    Info (16011): Adding 0 node(s), including 0 DDIO, 0 PLL, 0 transceiver and 0 LCELL
Info (21057): Implemented 4439 device resources after synthesis - the final resource count might be different
    Info (21058): Implemented 12 input pins
    Info (21059): Implemented 212 output pins
    Info (21061): Implemented 4175 logic cells
    Info (21064): Implemented 40 RAM segments
Info: Quartus II 64-Bit Analysis & Synthesis was successful. 0 errors, 51 warnings
    Info: Peak virtual memory: 484 megabytes
    Info: Processing ended: Mon May 23 21:01:46 2016
    Info: Elapsed time: 00:00:55
    Info: Total CPU time (on all processors): 00:00:40


+------------------------------------------+
; Analysis & Synthesis Suppressed Messages ;
+------------------------------------------+
The suppressed messages can be found in C:/altera/13.0/npunchcpu/output_files/cpu.map.smsg.


